<?xml version="1.0" encoding="UTF-8"?>
<!-- Generated by org.testng.reporters.JUnitReportReporter -->
<testsuite hostname="MSI" failures="0" tests="20" name="com.juaracoding.PageObjectTMS.Admin.TestRunnerTMSAdmin" time="208.507" errors="0" timestamp="2022-09-14T17:22:09 WIB" skipped="0">
  <testcase classname="com.juaracoding.PageObjectTMS.Admin.TestRunnerTMSAdmin" name="runScenario" time="2.312"/>
  <system-out/>
  <testcase classname="com.juaracoding.PageObjectTMS.Admin.TestRunnerTMSAdmin" name="runScenario" time="10.065"/>
  <system-out/>
  <testcase classname="com.juaracoding.PageObjectTMS.Admin.TestRunnerTMSAdmin" name="runScenario" time="10.064"/>
  <system-out/>
  <testcase classname="com.juaracoding.PageObjectTMS.Admin.TestRunnerTMSAdmin" name="runScenario" time="9.227"/>
  <system-out/>
  <testcase classname="com.juaracoding.PageObjectTMS.Admin.TestRunnerTMSAdmin" name="runScenario" time="1.913"/>
  <system-out/>
  <testcase classname="com.juaracoding.PageObjectTMS.Admin.TestRunnerTMSAdmin" name="runScenario" time="10.078"/>
  <system-out/>
  <testcase classname="com.juaracoding.PageObjectTMS.Admin.TestRunnerTMSAdmin" name="runScenario" time="9.013"/>
  <system-out/>
  <testcase classname="com.juaracoding.PageObjectTMS.Admin.TestRunnerTMSAdmin" name="runScenario" time="9.963"/>
  <system-out/>
  <testcase classname="com.juaracoding.PageObjectTMS.Admin.TestRunnerTMSAdmin" name="runScenario" time="9.962"/>
  <system-out/>
  <testcase classname="com.juaracoding.PageObjectTMS.Admin.TestRunnerTMSAdmin" name="runScenario" time="10.195"/>
  <system-out/>
  <testcase classname="com.juaracoding.PageObjectTMS.Admin.TestRunnerTMSAdmin" name="runScenario" time="21.569"/>
  <system-out/>
  <testcase classname="com.juaracoding.PageObjectTMS.Admin.TestRunnerTMSAdmin" name="runScenario" time="10.079"/>
  <system-out/>
  <testcase classname="com.juaracoding.PageObjectTMS.Admin.TestRunnerTMSAdmin" name="runScenario" time="9.763"/>
  <system-out/>
  <testcase classname="com.juaracoding.PageObjectTMS.Admin.TestRunnerTMSAdmin" name="runScenario" time="9.879"/>
  <system-out/>
  <testcase classname="com.juaracoding.PageObjectTMS.Admin.TestRunnerTMSAdmin" name="runScenario" time="9.313"/>
  <system-out/>
  <testcase classname="com.juaracoding.PageObjectTMS.Admin.TestRunnerTMSAdmin" name="runScenario" time="20.879"/>
  <system-out/>
  <testcase classname="com.juaracoding.PageObjectTMS.Admin.TestRunnerTMSAdmin" name="runScenario" time="15.632"/>
  <system-out/>
  <testcase classname="com.juaracoding.PageObjectTMS.Admin.TestRunnerTMSAdmin" name="runScenario" time="10.005"/>
  <system-out/>
  <testcase classname="com.juaracoding.PageObjectTMS.Admin.TestRunnerTMSAdmin" name="runScenario" time="8.967"/>
  <system-out/>
  <testcase classname="com.juaracoding.PageObjectTMS.Admin.TestRunnerTMSAdmin" name="runScenario" time="9.629"/>
  <system-out/>
</testsuite> <!-- com.juaracoding.PageObjectTMS.Admin.TestRunnerTMSAdmin -->
