<?xml version="1.0" encoding="UTF-8"?>
<!-- Generated by org.testng.reporters.JUnitReportReporter -->
<testsuite hostname="MSI" failures="2" tests="25" name="com.juaracoding.PageObjectTMS.Admin.TestRunnerTMSAdmin" time="329.603" errors="0" timestamp="2022-09-15T21:08:52 WIB" skipped="0">
  <testcase classname="com.juaracoding.PageObjectTMS.Admin.TestRunnerTMSAdmin" name="runScenario" time="10.933"/>
  <system-out/>
  <testcase classname="com.juaracoding.PageObjectTMS.Admin.TestRunnerTMSAdmin" name="runScenario" time="12.652"/>
  <system-out/>
  <testcase classname="com.juaracoding.PageObjectTMS.Admin.TestRunnerTMSAdmin" name="runScenario" time="12.583"/>
  <system-out/>
  <testcase classname="com.juaracoding.PageObjectTMS.Admin.TestRunnerTMSAdmin" name="runScenario" time="12.640"/>
  <system-out/>
  <testcase classname="com.juaracoding.PageObjectTMS.Admin.TestRunnerTMSAdmin" name="runScenario" time="20.533"/>
  <system-out/>
  <testcase classname="com.juaracoding.PageObjectTMS.Admin.TestRunnerTMSAdmin" name="runScenario" time="20.970"/>
  <system-out/>
  <testcase classname="com.juaracoding.PageObjectTMS.Admin.TestRunnerTMSAdmin" name="runScenario" time="12.304"/>
  <system-out/>
  <testcase classname="com.juaracoding.PageObjectTMS.Admin.TestRunnerTMSAdmin" name="runScenario" time="15.091"/>
  <system-out/>
  <testcase classname="com.juaracoding.PageObjectTMS.Admin.TestRunnerTMSAdmin" name="runScenario" time="12.418"/>
  <system-out/>
  <testcase classname="com.juaracoding.PageObjectTMS.Admin.TestRunnerTMSAdmin" name="runScenario" time="12.683"/>
  <system-out/>
  <testcase classname="com.juaracoding.PageObjectTMS.Admin.TestRunnerTMSAdmin" name="runScenario" time="9.499">
    <failure message="expected [Tidak Ada Data] but found [Maximal Penarikan Data adalah 1 Bulan / 31 Hari !!!]" type="java.lang.AssertionError">
      <![CDATA[java.lang.AssertionError: expected [Tidak Ada Data] but found [Maximal Penarikan Data adalah 1 Bulan / 31 Hari !!!]
at org.testng.Assert.fail(Assert.java:99)
at org.testng.Assert.failNotEquals(Assert.java:1037)
at org.testng.Assert.assertEqualsImpl(Assert.java:140)
at org.testng.Assert.assertEquals(Assert.java:122)
at org.testng.Assert.assertEquals(Assert.java:629)
at org.testng.Assert.assertEquals(Assert.java:639)
at com.juaracoding.PageObjectTMS.Admin.ReportTMSAdmin.Admin_validate_tidak_ada_data(ReportTMSAdmin.java:198)
at ✽.Admin validate tidak ada data(file:///C:/Users/Xh/eclipse-workspace/com.juaracoding.PageObjectTMS/src/test/resources/features/Admin/TMSAdminNonShifting.feature:121)
]]>
    </failure>
  </testcase> <!-- runScenario -->
  <system-out/>
  <testcase classname="com.juaracoding.PageObjectTMS.Admin.TestRunnerTMSAdmin" name="runScenario" time="21.070"/>
  <system-out/>
  <testcase classname="com.juaracoding.PageObjectTMS.Admin.TestRunnerTMSAdmin" name="runScenario" time="1.915"/>
  <system-out/>
  <testcase classname="com.juaracoding.PageObjectTMS.Admin.TestRunnerTMSAdmin" name="runScenario" time="13.330"/>
  <system-out/>
  <testcase classname="com.juaracoding.PageObjectTMS.Admin.TestRunnerTMSAdmin" name="runScenario" time="12.681"/>
  <system-out/>
  <testcase classname="com.juaracoding.PageObjectTMS.Admin.TestRunnerTMSAdmin" name="runScenario" time="13.340"/>
  <system-out/>
  <testcase classname="com.juaracoding.PageObjectTMS.Admin.TestRunnerTMSAdmin" name="runScenario" time="12.410"/>
  <system-out/>
  <testcase classname="com.juaracoding.PageObjectTMS.Admin.TestRunnerTMSAdmin" name="runScenario" time="12.614"/>
  <system-out/>
  <testcase classname="com.juaracoding.PageObjectTMS.Admin.TestRunnerTMSAdmin" name="runScenario" time="12.715"/>
  <system-out/>
  <testcase classname="com.juaracoding.PageObjectTMS.Admin.TestRunnerTMSAdmin" name="runScenario" time="9.461">
    <failure message="expected [Tidak Ada Data] but found [Maximal Penarikan Data adalah 1 Bulan / 31 Hari !!!]" type="java.lang.AssertionError">
      <![CDATA[java.lang.AssertionError: expected [Tidak Ada Data] but found [Maximal Penarikan Data adalah 1 Bulan / 31 Hari !!!]
at org.testng.Assert.fail(Assert.java:99)
at org.testng.Assert.failNotEquals(Assert.java:1037)
at org.testng.Assert.assertEqualsImpl(Assert.java:140)
at org.testng.Assert.assertEquals(Assert.java:122)
at org.testng.Assert.assertEquals(Assert.java:629)
at org.testng.Assert.assertEquals(Assert.java:639)
at com.juaracoding.PageObjectTMS.Admin.ReportTMSAdmin.Admin_validate_tidak_ada_data(ReportTMSAdmin.java:198)
at ✽.Admin validate tidak ada data(file:///C:/Users/Xh/eclipse-workspace/com.juaracoding.PageObjectTMS/src/test/resources/features/Admin/TMSAdminNonShifting.feature:107)
]]>
    </failure>
  </testcase> <!-- runScenario -->
  <system-out/>
  <testcase classname="com.juaracoding.PageObjectTMS.Admin.TestRunnerTMSAdmin" name="runScenario" time="2.388"/>
  <system-out/>
  <testcase classname="com.juaracoding.PageObjectTMS.Admin.TestRunnerTMSAdmin" name="runScenario" time="3.018"/>
  <system-out/>
  <testcase classname="com.juaracoding.PageObjectTMS.Admin.TestRunnerTMSAdmin" name="runScenario" time="20.790"/>
  <system-out/>
  <testcase classname="com.juaracoding.PageObjectTMS.Admin.TestRunnerTMSAdmin" name="runScenario" time="20.381"/>
  <system-out/>
  <testcase classname="com.juaracoding.PageObjectTMS.Admin.TestRunnerTMSAdmin" name="runScenario" time="21.184"/>
  <system-out/>
</testsuite> <!-- com.juaracoding.PageObjectTMS.Admin.TestRunnerTMSAdmin -->
