<?xml version="1.0" encoding="UTF-8"?>
<!-- Generated by org.testng.reporters.JUnitReportReporter -->
<testsuite hostname="MSI" failures="0" tests="4" name="com.juaracoding.PageObjectTMS.Admin.TestRunnerTMSAdmin" time="37.519" errors="0" timestamp="2022-09-12T20:10:23 WIB" skipped="0">
  <testcase classname="com.juaracoding.PageObjectTMS.Admin.TestRunnerTMSAdmin" name="runScenario" time="10.060"/>
  <system-out/>
  <testcase classname="com.juaracoding.PageObjectTMS.Admin.TestRunnerTMSAdmin" name="runScenario" time="15.996"/>
  <system-out/>
  <testcase classname="com.juaracoding.PageObjectTMS.Admin.TestRunnerTMSAdmin" name="runScenario" time="10.482"/>
  <system-out/>
  <testcase classname="com.juaracoding.PageObjectTMS.Admin.TestRunnerTMSAdmin" name="runScenario" time="0.981"/>
  <system-out/>
</testsuite> <!-- com.juaracoding.PageObjectTMS.Admin.TestRunnerTMSAdmin -->
