<?xml version="1.0" encoding="UTF-8"?>
<!-- Generated by org.testng.reporters.JUnitReportReporter -->
<testsuite hostname="LAPTOP-B1NGKO38" failures="0" tests="4" name="com.juaracoding.PageObjectTMS.Staff.TestRunnerTMSAStaff" time="62.921" errors="0" timestamp="2022-09-18T16:31:24 WIB" skipped="0">
  <testcase classname="com.juaracoding.PageObjectTMS.Staff.TestRunnerTMSAStaff" name="runScenario" time="27.851"/>
  <system-out/>
  <testcase classname="com.juaracoding.PageObjectTMS.Staff.TestRunnerTMSAStaff" name="runScenario" time="11.432"/>
  <system-out/>
  <testcase classname="com.juaracoding.PageObjectTMS.Staff.TestRunnerTMSAStaff" name="runScenario" time="3.388"/>
  <system-out/>
  <testcase classname="com.juaracoding.PageObjectTMS.Staff.TestRunnerTMSAStaff" name="runScenario" time="20.250"/>
  <system-out/>
</testsuite> <!-- com.juaracoding.PageObjectTMS.Staff.TestRunnerTMSAStaff -->
