<?xml version="1.0" encoding="UTF-8"?>
<!-- Generated by org.testng.reporters.JUnitReportReporter -->
<testsuite hostname="DESKTOP-R9SJ9U0" failures="0" tests="3" name="com.juaracoding.PageObjectTMS.Staff.TestRunnerTMSAStaff" time="99.208" errors="0" timestamp="2022-09-16T01:06:59 SGT" skipped="0">
  <testcase classname="com.juaracoding.PageObjectTMS.Staff.TestRunnerTMSAStaff" name="runScenario" time="33.819"/>
  <system-out/>
  <testcase classname="com.juaracoding.PageObjectTMS.Staff.TestRunnerTMSAStaff" name="runScenario" time="52.892"/>
  <system-out/>
  <testcase classname="com.juaracoding.PageObjectTMS.Staff.TestRunnerTMSAStaff" name="runScenario" time="12.497"/>
  <system-out/>
</testsuite> <!-- com.juaracoding.PageObjectTMS.Staff.TestRunnerTMSAStaff -->
