<?xml version="1.0" encoding="UTF-8"?>
<!-- Generated by org.testng.reporters.JUnitReportReporter -->
<testsuite hostname="MSI" failures="0" tests="135" name="com.juaracoding.PageObjectTMS.Admin.TestRunnerTMSAdmin" time="1765.486" errors="0" timestamp="2022-09-17T15:23:57 WIB" skipped="0">
  <testcase classname="com.juaracoding.PageObjectTMS.Admin.TestRunnerTMSAdmin" name="runScenario" time="9.969"/>
  <system-out/>
  <testcase classname="com.juaracoding.PageObjectTMS.Admin.TestRunnerTMSAdmin" name="runScenario" time="9.826"/>
  <system-out/>
  <testcase classname="com.juaracoding.PageObjectTMS.Admin.TestRunnerTMSAdmin" name="runScenario" time="10.239"/>
  <system-out/>
  <testcase classname="com.juaracoding.PageObjectTMS.Admin.TestRunnerTMSAdmin" name="runScenario" time="9.889"/>
  <system-out/>
  <testcase classname="com.juaracoding.PageObjectTMS.Admin.TestRunnerTMSAdmin" name="runScenario" time="1.883"/>
  <system-out/>
  <testcase classname="com.juaracoding.PageObjectTMS.Admin.TestRunnerTMSAdmin" name="runScenario" time="12.599"/>
  <system-out/>
  <testcase classname="com.juaracoding.PageObjectTMS.Admin.TestRunnerTMSAdmin" name="runScenario" time="9.944"/>
  <system-out/>
  <testcase classname="com.juaracoding.PageObjectTMS.Admin.TestRunnerTMSAdmin" name="runScenario" time="21.637"/>
  <system-out/>
  <testcase classname="com.juaracoding.PageObjectTMS.Admin.TestRunnerTMSAdmin" name="runScenario" time="9.013"/>
  <system-out/>
  <testcase classname="com.juaracoding.PageObjectTMS.Admin.TestRunnerTMSAdmin" name="runScenario" time="21.167"/>
  <system-out/>
  <testcase classname="com.juaracoding.PageObjectTMS.Admin.TestRunnerTMSAdmin" name="runScenario" time="2.061"/>
  <system-out/>
  <testcase classname="com.juaracoding.PageObjectTMS.Admin.TestRunnerTMSAdmin" name="runScenario" time="10.007"/>
  <system-out/>
  <testcase classname="com.juaracoding.PageObjectTMS.Admin.TestRunnerTMSAdmin" name="runScenario" time="9.421"/>
  <system-out/>
  <testcase classname="com.juaracoding.PageObjectTMS.Admin.TestRunnerTMSAdmin" name="runScenario" time="20.019"/>
  <system-out/>
  <testcase classname="com.juaracoding.PageObjectTMS.Admin.TestRunnerTMSAdmin" name="runScenario" time="9.226"/>
  <system-out/>
  <testcase classname="com.juaracoding.PageObjectTMS.Admin.TestRunnerTMSAdmin" name="runScenario" time="9.941"/>
  <system-out/>
  <testcase classname="com.juaracoding.PageObjectTMS.Admin.TestRunnerTMSAdmin" name="runScenario" time="20.311"/>
  <system-out/>
  <testcase classname="com.juaracoding.PageObjectTMS.Admin.TestRunnerTMSAdmin" name="runScenario" time="9.215"/>
  <system-out/>
  <testcase classname="com.juaracoding.PageObjectTMS.Admin.TestRunnerTMSAdmin" name="runScenario" time="9.875"/>
  <system-out/>
  <testcase classname="com.juaracoding.PageObjectTMS.Admin.TestRunnerTMSAdmin" name="runScenario" time="10.215"/>
  <system-out/>
  <testcase classname="com.juaracoding.PageObjectTMS.Admin.TestRunnerTMSAdmin" name="runScenario" time="20.183"/>
  <system-out/>
  <testcase classname="com.juaracoding.PageObjectTMS.Admin.TestRunnerTMSAdmin" name="runScenario" time="10.221"/>
  <system-out/>
  <testcase classname="com.juaracoding.PageObjectTMS.Admin.TestRunnerTMSAdmin" name="runScenario" time="20.339"/>
  <system-out/>
  <testcase classname="com.juaracoding.PageObjectTMS.Admin.TestRunnerTMSAdmin" name="runScenario" time="12.569"/>
  <system-out/>
  <testcase classname="com.juaracoding.PageObjectTMS.Admin.TestRunnerTMSAdmin" name="runScenario" time="23.166"/>
  <system-out/>
  <testcase classname="com.juaracoding.PageObjectTMS.Admin.TestRunnerTMSAdmin" name="runScenario" time="21.555"/>
  <system-out/>
  <testcase classname="com.juaracoding.PageObjectTMS.Admin.TestRunnerTMSAdmin" name="runScenario" time="9.243"/>
  <system-out/>
  <testcase classname="com.juaracoding.PageObjectTMS.Admin.TestRunnerTMSAdmin" name="runScenario" time="8.975"/>
  <system-out/>
  <testcase classname="com.juaracoding.PageObjectTMS.Admin.TestRunnerTMSAdmin" name="runScenario" time="20.353"/>
  <system-out/>
  <testcase classname="com.juaracoding.PageObjectTMS.Admin.TestRunnerTMSAdmin" name="runScenario" time="12.623"/>
  <system-out/>
  <testcase classname="com.juaracoding.PageObjectTMS.Admin.TestRunnerTMSAdmin" name="runScenario" time="9.773"/>
  <system-out/>
  <testcase classname="com.juaracoding.PageObjectTMS.Admin.TestRunnerTMSAdmin" name="runScenario" time="20.796"/>
  <system-out/>
  <testcase classname="com.juaracoding.PageObjectTMS.Admin.TestRunnerTMSAdmin" name="runScenario" time="9.499"/>
  <system-out/>
  <testcase classname="com.juaracoding.PageObjectTMS.Admin.TestRunnerTMSAdmin" name="runScenario" time="20.750"/>
  <system-out/>
  <testcase classname="com.juaracoding.PageObjectTMS.Admin.TestRunnerTMSAdmin" name="runScenario" time="13.216"/>
  <system-out/>
  <testcase classname="com.juaracoding.PageObjectTMS.Admin.TestRunnerTMSAdmin" name="runScenario" time="12.722"/>
  <system-out/>
  <testcase classname="com.juaracoding.PageObjectTMS.Admin.TestRunnerTMSAdmin" name="runScenario" time="20.935"/>
  <system-out/>
  <testcase classname="com.juaracoding.PageObjectTMS.Admin.TestRunnerTMSAdmin" name="runScenario" time="15.093"/>
  <system-out/>
  <testcase classname="com.juaracoding.PageObjectTMS.Admin.TestRunnerTMSAdmin" name="runScenario" time="21.281"/>
  <system-out/>
  <testcase classname="com.juaracoding.PageObjectTMS.Admin.TestRunnerTMSAdmin" name="runScenario" time="2.048"/>
  <system-out/>
  <testcase classname="com.juaracoding.PageObjectTMS.Admin.TestRunnerTMSAdmin" name="runScenario" time="9.838"/>
  <system-out/>
  <testcase classname="com.juaracoding.PageObjectTMS.Admin.TestRunnerTMSAdmin" name="runScenario" time="12.570"/>
  <system-out/>
  <testcase classname="com.juaracoding.PageObjectTMS.Admin.TestRunnerTMSAdmin" name="runScenario" time="15.088"/>
  <system-out/>
  <testcase classname="com.juaracoding.PageObjectTMS.Admin.TestRunnerTMSAdmin" name="runScenario" time="21.055"/>
  <system-out/>
  <testcase classname="com.juaracoding.PageObjectTMS.Admin.TestRunnerTMSAdmin" name="runScenario" time="12.434"/>
  <system-out/>
  <testcase classname="com.juaracoding.PageObjectTMS.Admin.TestRunnerTMSAdmin" name="runScenario" time="2.139"/>
  <system-out/>
  <testcase classname="com.juaracoding.PageObjectTMS.Admin.TestRunnerTMSAdmin" name="runScenario" time="20.821"/>
  <system-out/>
  <testcase classname="com.juaracoding.PageObjectTMS.Admin.TestRunnerTMSAdmin" name="runScenario" time="10.138"/>
  <system-out/>
  <testcase classname="com.juaracoding.PageObjectTMS.Admin.TestRunnerTMSAdmin" name="runScenario" time="12.649"/>
  <system-out/>
  <testcase classname="com.juaracoding.PageObjectTMS.Admin.TestRunnerTMSAdmin" name="runScenario" time="1.992"/>
  <system-out/>
  <testcase classname="com.juaracoding.PageObjectTMS.Admin.TestRunnerTMSAdmin" name="runScenario" time="10.154"/>
  <system-out/>
  <testcase classname="com.juaracoding.PageObjectTMS.Admin.TestRunnerTMSAdmin" name="runScenario" time="9.902"/>
  <system-out/>
  <testcase classname="com.juaracoding.PageObjectTMS.Admin.TestRunnerTMSAdmin" name="runScenario" time="9.925"/>
  <system-out/>
  <testcase classname="com.juaracoding.PageObjectTMS.Admin.TestRunnerTMSAdmin" name="runScenario" time="2.345"/>
  <system-out/>
  <testcase classname="com.juaracoding.PageObjectTMS.Admin.TestRunnerTMSAdmin" name="runScenario" time="12.638"/>
  <system-out/>
  <testcase classname="com.juaracoding.PageObjectTMS.Admin.TestRunnerTMSAdmin" name="runScenario" time="20.734"/>
  <system-out/>
  <testcase classname="com.juaracoding.PageObjectTMS.Admin.TestRunnerTMSAdmin" name="runScenario" time="9.022"/>
  <system-out/>
  <testcase classname="com.juaracoding.PageObjectTMS.Admin.TestRunnerTMSAdmin" name="runScenario" time="21.278"/>
  <system-out/>
  <testcase classname="com.juaracoding.PageObjectTMS.Admin.TestRunnerTMSAdmin" name="runScenario" time="9.838"/>
  <system-out/>
  <testcase classname="com.juaracoding.PageObjectTMS.Admin.TestRunnerTMSAdmin" name="runScenario" time="21.368"/>
  <system-out/>
  <testcase classname="com.juaracoding.PageObjectTMS.Admin.TestRunnerTMSAdmin" name="runScenario" time="9.293"/>
  <system-out/>
  <testcase classname="com.juaracoding.PageObjectTMS.Admin.TestRunnerTMSAdmin" name="runScenario" time="15.100"/>
  <system-out/>
  <testcase classname="com.juaracoding.PageObjectTMS.Admin.TestRunnerTMSAdmin" name="runScenario" time="21.695"/>
  <system-out/>
  <testcase classname="com.juaracoding.PageObjectTMS.Admin.TestRunnerTMSAdmin" name="runScenario" time="12.593"/>
  <system-out/>
  <testcase classname="com.juaracoding.PageObjectTMS.Admin.TestRunnerTMSAdmin" name="runScenario" time="21.872"/>
  <system-out/>
  <testcase classname="com.juaracoding.PageObjectTMS.Admin.TestRunnerTMSAdmin" name="runScenario" time="10.122"/>
  <system-out/>
  <testcase classname="com.juaracoding.PageObjectTMS.Admin.TestRunnerTMSAdmin" name="runScenario" time="20.680"/>
  <system-out/>
  <testcase classname="com.juaracoding.PageObjectTMS.Admin.TestRunnerTMSAdmin" name="runScenario" time="10.305"/>
  <system-out/>
  <testcase classname="com.juaracoding.PageObjectTMS.Admin.TestRunnerTMSAdmin" name="runScenario" time="9.895"/>
  <system-out/>
  <testcase classname="com.juaracoding.PageObjectTMS.Admin.TestRunnerTMSAdmin" name="runScenario" time="20.372"/>
  <system-out/>
  <testcase classname="com.juaracoding.PageObjectTMS.Admin.TestRunnerTMSAdmin" name="runScenario" time="9.886"/>
  <system-out/>
  <testcase classname="com.juaracoding.PageObjectTMS.Admin.TestRunnerTMSAdmin" name="runScenario" time="15.094"/>
  <system-out/>
  <testcase classname="com.juaracoding.PageObjectTMS.Admin.TestRunnerTMSAdmin" name="runScenario" time="10.254"/>
  <system-out/>
  <testcase classname="com.juaracoding.PageObjectTMS.Admin.TestRunnerTMSAdmin" name="runScenario" time="9.821"/>
  <system-out/>
  <testcase classname="com.juaracoding.PageObjectTMS.Admin.TestRunnerTMSAdmin" name="runScenario" time="9.889"/>
  <system-out/>
  <testcase classname="com.juaracoding.PageObjectTMS.Admin.TestRunnerTMSAdmin" name="runScenario" time="9.743"/>
  <system-out/>
  <testcase classname="com.juaracoding.PageObjectTMS.Admin.TestRunnerTMSAdmin" name="runScenario" time="8.993"/>
  <system-out/>
  <testcase classname="com.juaracoding.PageObjectTMS.Admin.TestRunnerTMSAdmin" name="runScenario" time="9.851"/>
  <system-out/>
  <testcase classname="com.juaracoding.PageObjectTMS.Admin.TestRunnerTMSAdmin" name="runScenario" time="9.380"/>
  <system-out/>
  <testcase classname="com.juaracoding.PageObjectTMS.Admin.TestRunnerTMSAdmin" name="runScenario" time="12.588"/>
  <system-out/>
  <testcase classname="com.juaracoding.PageObjectTMS.Admin.TestRunnerTMSAdmin" name="runScenario" time="9.784"/>
  <system-out/>
  <testcase classname="com.juaracoding.PageObjectTMS.Admin.TestRunnerTMSAdmin" name="runScenario" time="3.029"/>
  <system-out/>
  <testcase classname="com.juaracoding.PageObjectTMS.Admin.TestRunnerTMSAdmin" name="runScenario" time="21.443"/>
  <system-out/>
  <testcase classname="com.juaracoding.PageObjectTMS.Admin.TestRunnerTMSAdmin" name="runScenario" time="12.319"/>
  <system-out/>
  <testcase classname="com.juaracoding.PageObjectTMS.Admin.TestRunnerTMSAdmin" name="runScenario" time="9.920"/>
  <system-out/>
  <testcase classname="com.juaracoding.PageObjectTMS.Admin.TestRunnerTMSAdmin" name="runScenario" time="20.310"/>
  <system-out/>
  <testcase classname="com.juaracoding.PageObjectTMS.Admin.TestRunnerTMSAdmin" name="runScenario" time="9.631"/>
  <system-out/>
  <testcase classname="com.juaracoding.PageObjectTMS.Admin.TestRunnerTMSAdmin" name="runScenario" time="20.798"/>
  <system-out/>
  <testcase classname="com.juaracoding.PageObjectTMS.Admin.TestRunnerTMSAdmin" name="runScenario" time="10.189"/>
  <system-out/>
  <testcase classname="com.juaracoding.PageObjectTMS.Admin.TestRunnerTMSAdmin" name="runScenario" time="15.045"/>
  <system-out/>
  <testcase classname="com.juaracoding.PageObjectTMS.Admin.TestRunnerTMSAdmin" name="runScenario" time="20.426"/>
  <system-out/>
  <testcase classname="com.juaracoding.PageObjectTMS.Admin.TestRunnerTMSAdmin" name="runScenario" time="13.387"/>
  <system-out/>
  <testcase classname="com.juaracoding.PageObjectTMS.Admin.TestRunnerTMSAdmin" name="runScenario" time="25.333"/>
  <system-out/>
  <testcase classname="com.juaracoding.PageObjectTMS.Admin.TestRunnerTMSAdmin" name="runScenario" time="10.123"/>
  <system-out/>
  <testcase classname="com.juaracoding.PageObjectTMS.Admin.TestRunnerTMSAdmin" name="runScenario" time="9.013"/>
  <system-out/>
  <testcase classname="com.juaracoding.PageObjectTMS.Admin.TestRunnerTMSAdmin" name="runScenario" time="12.345"/>
  <system-out/>
  <testcase classname="com.juaracoding.PageObjectTMS.Admin.TestRunnerTMSAdmin" name="runScenario" time="9.251"/>
  <system-out/>
  <testcase classname="com.juaracoding.PageObjectTMS.Admin.TestRunnerTMSAdmin" name="runScenario" time="9.509"/>
  <system-out/>
  <testcase classname="com.juaracoding.PageObjectTMS.Admin.TestRunnerTMSAdmin" name="runScenario" time="9.349"/>
  <system-out/>
  <testcase classname="com.juaracoding.PageObjectTMS.Admin.TestRunnerTMSAdmin" name="runScenario" time="12.590"/>
  <system-out/>
  <testcase classname="com.juaracoding.PageObjectTMS.Admin.TestRunnerTMSAdmin" name="runScenario" time="10.011"/>
  <system-out/>
  <testcase classname="com.juaracoding.PageObjectTMS.Admin.TestRunnerTMSAdmin" name="runScenario" time="12.679"/>
  <system-out/>
  <testcase classname="com.juaracoding.PageObjectTMS.Admin.TestRunnerTMSAdmin" name="runScenario" time="21.497"/>
  <system-out/>
  <testcase classname="com.juaracoding.PageObjectTMS.Admin.TestRunnerTMSAdmin" name="runScenario" time="20.805"/>
  <system-out/>
  <testcase classname="com.juaracoding.PageObjectTMS.Admin.TestRunnerTMSAdmin" name="runScenario" time="10.194"/>
  <system-out/>
  <testcase classname="com.juaracoding.PageObjectTMS.Admin.TestRunnerTMSAdmin" name="runScenario" time="12.651"/>
  <system-out/>
  <testcase classname="com.juaracoding.PageObjectTMS.Admin.TestRunnerTMSAdmin" name="runScenario" time="13.809"/>
  <system-out/>
  <testcase classname="com.juaracoding.PageObjectTMS.Admin.TestRunnerTMSAdmin" name="runScenario" time="21.773"/>
  <system-out/>
  <testcase classname="com.juaracoding.PageObjectTMS.Admin.TestRunnerTMSAdmin" name="runScenario" time="9.622"/>
  <system-out/>
  <testcase classname="com.juaracoding.PageObjectTMS.Admin.TestRunnerTMSAdmin" name="runScenario" time="12.303"/>
  <system-out/>
  <testcase classname="com.juaracoding.PageObjectTMS.Admin.TestRunnerTMSAdmin" name="runScenario" time="8.992"/>
  <system-out/>
  <testcase classname="com.juaracoding.PageObjectTMS.Admin.TestRunnerTMSAdmin" name="runScenario" time="20.175"/>
  <system-out/>
  <testcase classname="com.juaracoding.PageObjectTMS.Admin.TestRunnerTMSAdmin" name="runScenario" time="8.991"/>
  <system-out/>
  <testcase classname="com.juaracoding.PageObjectTMS.Admin.TestRunnerTMSAdmin" name="runScenario" time="20.651"/>
  <system-out/>
  <testcase classname="com.juaracoding.PageObjectTMS.Admin.TestRunnerTMSAdmin" name="runScenario" time="9.750"/>
  <system-out/>
  <testcase classname="com.juaracoding.PageObjectTMS.Admin.TestRunnerTMSAdmin" name="runScenario" time="15.097"/>
  <system-out/>
  <testcase classname="com.juaracoding.PageObjectTMS.Admin.TestRunnerTMSAdmin" name="runScenario" time="12.383"/>
  <system-out/>
  <testcase classname="com.juaracoding.PageObjectTMS.Admin.TestRunnerTMSAdmin" name="runScenario" time="8.993"/>
  <system-out/>
  <testcase classname="com.juaracoding.PageObjectTMS.Admin.TestRunnerTMSAdmin" name="runScenario" time="13.316"/>
  <system-out/>
  <testcase classname="com.juaracoding.PageObjectTMS.Admin.TestRunnerTMSAdmin" name="runScenario" time="10.014"/>
  <system-out/>
  <testcase classname="com.juaracoding.PageObjectTMS.Admin.TestRunnerTMSAdmin" name="runScenario" time="9.765"/>
  <system-out/>
  <testcase classname="com.juaracoding.PageObjectTMS.Admin.TestRunnerTMSAdmin" name="runScenario" time="1.959"/>
  <system-out/>
  <testcase classname="com.juaracoding.PageObjectTMS.Admin.TestRunnerTMSAdmin" name="runScenario" time="20.795"/>
  <system-out/>
  <testcase classname="com.juaracoding.PageObjectTMS.Admin.TestRunnerTMSAdmin" name="runScenario" time="9.978"/>
  <system-out/>
  <testcase classname="com.juaracoding.PageObjectTMS.Admin.TestRunnerTMSAdmin" name="runScenario" time="9.798"/>
  <system-out/>
  <testcase classname="com.juaracoding.PageObjectTMS.Admin.TestRunnerTMSAdmin" name="runScenario" time="9.909"/>
  <system-out/>
  <testcase classname="com.juaracoding.PageObjectTMS.Admin.TestRunnerTMSAdmin" name="runScenario" time="9.944"/>
  <system-out/>
  <testcase classname="com.juaracoding.PageObjectTMS.Admin.TestRunnerTMSAdmin" name="runScenario" time="9.944"/>
  <system-out/>
  <testcase classname="com.juaracoding.PageObjectTMS.Admin.TestRunnerTMSAdmin" name="runScenario" time="20.453"/>
  <system-out/>
  <testcase classname="com.juaracoding.PageObjectTMS.Admin.TestRunnerTMSAdmin" name="runScenario" time="22.445"/>
  <system-out/>
  <testcase classname="com.juaracoding.PageObjectTMS.Admin.TestRunnerTMSAdmin" name="runScenario" time="20.788"/>
  <system-out/>
  <testcase classname="com.juaracoding.PageObjectTMS.Admin.TestRunnerTMSAdmin" name="runScenario" time="9.269"/>
  <system-out/>
  <testcase classname="com.juaracoding.PageObjectTMS.Admin.TestRunnerTMSAdmin" name="runScenario" time="12.603"/>
  <system-out/>
  <testcase classname="com.juaracoding.PageObjectTMS.Admin.TestRunnerTMSAdmin" name="runScenario" time="12.564"/>
  <system-out/>
  <testcase classname="com.juaracoding.PageObjectTMS.Admin.TestRunnerTMSAdmin" name="runScenario" time="12.621"/>
  <system-out/>
</testsuite> <!-- com.juaracoding.PageObjectTMS.Admin.TestRunnerTMSAdmin -->
