<?xml version="1.0" encoding="UTF-8"?>
<!-- Generated by org.testng.reporters.JUnitReportReporter -->
<testsuite hostname="MSI" failures="0" tests="20" name="com.juaracoding.PageObjectTMS.Admin.TestRunnerTMSAdmin" time="208.076" errors="0" timestamp="2022-09-14T18:24:07 WIB" skipped="0">
  <testcase classname="com.juaracoding.PageObjectTMS.Admin.TestRunnerTMSAdmin" name="runScenario" time="9.272"/>
  <system-out/>
  <testcase classname="com.juaracoding.PageObjectTMS.Admin.TestRunnerTMSAdmin" name="runScenario" time="9.247"/>
  <system-out/>
  <testcase classname="com.juaracoding.PageObjectTMS.Admin.TestRunnerTMSAdmin" name="runScenario" time="9.898"/>
  <system-out/>
  <testcase classname="com.juaracoding.PageObjectTMS.Admin.TestRunnerTMSAdmin" name="runScenario" time="9.064"/>
  <system-out/>
  <testcase classname="com.juaracoding.PageObjectTMS.Admin.TestRunnerTMSAdmin" name="runScenario" time="9.945"/>
  <system-out/>
  <testcase classname="com.juaracoding.PageObjectTMS.Admin.TestRunnerTMSAdmin" name="runScenario" time="9.714"/>
  <system-out/>
  <testcase classname="com.juaracoding.PageObjectTMS.Admin.TestRunnerTMSAdmin" name="runScenario" time="20.992"/>
  <system-out/>
  <testcase classname="com.juaracoding.PageObjectTMS.Admin.TestRunnerTMSAdmin" name="runScenario" time="9.595"/>
  <system-out/>
  <testcase classname="com.juaracoding.PageObjectTMS.Admin.TestRunnerTMSAdmin" name="runScenario" time="9.945"/>
  <system-out/>
  <testcase classname="com.juaracoding.PageObjectTMS.Admin.TestRunnerTMSAdmin" name="runScenario" time="9.896"/>
  <system-out/>
  <testcase classname="com.juaracoding.PageObjectTMS.Admin.TestRunnerTMSAdmin" name="runScenario" time="8.942"/>
  <system-out/>
  <testcase classname="com.juaracoding.PageObjectTMS.Admin.TestRunnerTMSAdmin" name="runScenario" time="1.918"/>
  <system-out/>
  <testcase classname="com.juaracoding.PageObjectTMS.Admin.TestRunnerTMSAdmin" name="runScenario" time="10.115"/>
  <system-out/>
  <testcase classname="com.juaracoding.PageObjectTMS.Admin.TestRunnerTMSAdmin" name="runScenario" time="9.997"/>
  <system-out/>
  <testcase classname="com.juaracoding.PageObjectTMS.Admin.TestRunnerTMSAdmin" name="runScenario" time="2.415"/>
  <system-out/>
  <testcase classname="com.juaracoding.PageObjectTMS.Admin.TestRunnerTMSAdmin" name="runScenario" time="10.122"/>
  <system-out/>
  <testcase classname="com.juaracoding.PageObjectTMS.Admin.TestRunnerTMSAdmin" name="runScenario" time="15.699"/>
  <system-out/>
  <testcase classname="com.juaracoding.PageObjectTMS.Admin.TestRunnerTMSAdmin" name="runScenario" time="9.727"/>
  <system-out/>
  <testcase classname="com.juaracoding.PageObjectTMS.Admin.TestRunnerTMSAdmin" name="runScenario" time="21.493"/>
  <system-out/>
  <testcase classname="com.juaracoding.PageObjectTMS.Admin.TestRunnerTMSAdmin" name="runScenario" time="10.080"/>
  <system-out/>
</testsuite> <!-- com.juaracoding.PageObjectTMS.Admin.TestRunnerTMSAdmin -->
