<?xml version="1.0" encoding="UTF-8"?>
<!-- Generated by org.testng.reporters.JUnitReportReporter -->
<testsuite hostname="MSI" failures="0" tests="10" name="com.juaracoding.PageObjectTMS.Staff.TestRunnerTMSAStaff" time="128.655" errors="0" timestamp="2022-09-19T01:31:21 WIB" skipped="0">
  <testcase classname="com.juaracoding.PageObjectTMS.Staff.TestRunnerTMSAStaff" name="runScenario" time="10.746"/>
  <system-out/>
  <testcase classname="com.juaracoding.PageObjectTMS.Staff.TestRunnerTMSAStaff" name="runScenario" time="10.421"/>
  <system-out/>
  <testcase classname="com.juaracoding.PageObjectTMS.Staff.TestRunnerTMSAStaff" name="runScenario" time="4.033"/>
  <system-out/>
  <testcase classname="com.juaracoding.PageObjectTMS.Staff.TestRunnerTMSAStaff" name="runScenario" time="14.078"/>
  <system-out/>
  <testcase classname="com.juaracoding.PageObjectTMS.Staff.TestRunnerTMSAStaff" name="runScenario" time="12.744"/>
  <system-out/>
  <testcase classname="com.juaracoding.PageObjectTMS.Staff.TestRunnerTMSAStaff" name="runScenario" time="13.560"/>
  <system-out/>
  <testcase classname="com.juaracoding.PageObjectTMS.Staff.TestRunnerTMSAStaff" name="runScenario" time="17.397"/>
  <system-out/>
  <testcase classname="com.juaracoding.PageObjectTMS.Staff.TestRunnerTMSAStaff" name="runScenario" time="15.460"/>
  <system-out/>
  <testcase classname="com.juaracoding.PageObjectTMS.Staff.TestRunnerTMSAStaff" name="runScenario" time="14.880"/>
  <system-out/>
  <testcase classname="com.juaracoding.PageObjectTMS.Staff.TestRunnerTMSAStaff" name="runScenario" time="15.336"/>
  <system-out/>
</testsuite> <!-- com.juaracoding.PageObjectTMS.Staff.TestRunnerTMSAStaff -->
