<?xml version="1.0" encoding="UTF-8"?>
<!-- Generated by org.testng.reporters.JUnitReportReporter -->
<testsuite hostname="girangsnm" failures="0" tests="7" name="com.juaracoding.PageObjectTMS.Staff.TestRunnerTMSAStaff" time="44.558" errors="1" timestamp="2022-09-16T21:42:11 WIB" skipped="0">
  <testcase classname="com.juaracoding.PageObjectTMS.Staff.TestRunnerTMSAStaff" name="runScenario" time="23.529"/>
  <system-out/>
  <testcase classname="com.juaracoding.PageObjectTMS.Staff.TestRunnerTMSAStaff" name="runScenario" time="4.173"/>
  <system-out/>
  <testcase classname="com.juaracoding.PageObjectTMS.Staff.TestRunnerTMSAStaff" name="runScenario" time="4.225"/>
  <system-out/>
  <testcase classname="com.juaracoding.PageObjectTMS.Staff.TestRunnerTMSAStaff" name="runScenario" time="0.092">
    <error message="The step &#039;Staff senin middle&#039; and 2 other step(s) are undefined.
You can implement these steps using the snippet(s) below:

@When(&quot;Staff senin middle&quot;)
public void staff_senin_middle() {
    // Write code here that turns the phrase above into concrete actions
    throw new io.cucumber.java.PendingException();
}
@When(&quot;Staff choose non shiftG7&quot;)
public void staff_choose_non_shift_g7() {
    // Write code here that turns the phrase above into concrete actions
    throw new io.cucumber.java.PendingException();
}
@Then(&quot;Nama shift has choosenG7&quot;)
public void nama_shift_has_choosen_g7() {
    // Write code here that turns the phrase above into concrete actions
    throw new io.cucumber.java.PendingException();
}
" type="io.cucumber.testng.UndefinedStepException">
      <![CDATA[io.cucumber.testng.UndefinedStepException: The step 'Staff senin middle' and 2 other step(s) are undefined.
You can implement these steps using the snippet(s) below:

@When("Staff senin middle")
public void staff_senin_middle() {
    // Write code here that turns the phrase above into concrete actions
    throw new io.cucumber.java.PendingException();
}
@When("Staff choose non shiftG7")
public void staff_choose_non_shift_g7() {
    // Write code here that turns the phrase above into concrete actions
    throw new io.cucumber.java.PendingException();
}
@Then("Nama shift has choosenG7")
public void nama_shift_has_choosen_g7() {
    // Write code here that turns the phrase above into concrete actions
    throw new io.cucumber.java.PendingException();
}

at io.cucumber.core.runtime.TestCaseResultObserver.assertTestCasePassed(TestCaseResultObserver.java:69)
at io.cucumber.testng.TestCaseResultObserver.assertTestCasePassed(TestCaseResultObserver.java:23)
at io.cucumber.testng.TestNGCucumberRunner.lambda$runScenario$1(TestNGCucumberRunner.java:133)
at io.cucumber.core.runtime.CucumberExecutionContext.lambda$runTestCase$5(CucumberExecutionContext.java:129)
at io.cucumber.core.runtime.RethrowingThrowableCollector.executeAndThrow(RethrowingThrowableCollector.java:23)
at io.cucumber.core.runtime.CucumberExecutionContext.runTestCase(CucumberExecutionContext.java:129)
at io.cucumber.testng.TestNGCucumberRunner.runScenario(TestNGCucumberRunner.java:129)
at io.cucumber.testng.AbstractTestNGCucumberTests.runScenario(AbstractTestNGCucumberTests.java:35)
at java.base/jdk.internal.reflect.DirectMethodHandleAccessor.invoke(DirectMethodHandleAccessor.java:104)
at java.base/java.lang.reflect.Method.invoke(Method.java:577)
at org.testng.internal.MethodInvocationHelper.invokeMethod(MethodInvocationHelper.java:133)
at org.testng.internal.TestInvoker.invokeMethod(TestInvoker.java:598)
at org.testng.internal.TestInvoker.invokeTestMethod(TestInvoker.java:173)
at org.testng.internal.MethodRunner.runInSequence(MethodRunner.java:46)
at org.testng.internal.TestInvoker$MethodInvocationAgent.invoke(TestInvoker.java:824)
at org.testng.internal.TestInvoker.invokeTestMethods(TestInvoker.java:146)
at org.testng.internal.TestMethodWorker.invokeTestMethods(TestMethodWorker.java:146)
at org.testng.internal.TestMethodWorker.run(TestMethodWorker.java:128)
at java.base/java.util.ArrayList.forEach(ArrayList.java:1511)
at org.testng.TestRunner.privateRun(TestRunner.java:794)
at org.testng.TestRunner.run(TestRunner.java:596)
at org.testng.SuiteRunner.runTest(SuiteRunner.java:377)
at org.testng.SuiteRunner.runSequentially(SuiteRunner.java:371)
at org.testng.SuiteRunner.privateRun(SuiteRunner.java:332)
at org.testng.SuiteRunner.run(SuiteRunner.java:276)
at org.testng.SuiteRunnerWorker.runSuite(SuiteRunnerWorker.java:53)
at org.testng.SuiteRunnerWorker.run(SuiteRunnerWorker.java:96)
at org.testng.TestNG.runSuitesSequentially(TestNG.java:1212)
at org.testng.TestNG.runSuitesLocally(TestNG.java:1134)
at org.testng.TestNG.runSuites(TestNG.java:1063)
at org.testng.TestNG.run(TestNG.java:1031)
at org.testng.remote.AbstractRemoteTestNG.run(AbstractRemoteTestNG.java:115)
at org.testng.remote.RemoteTestNG.initAndRun(RemoteTestNG.java:251)
at org.testng.remote.RemoteTestNG.main(RemoteTestNG.java:77)
]]>
    </error>
  </testcase> <!-- runScenario -->
  <system-out/>
  <testcase classname="com.juaracoding.PageObjectTMS.Staff.TestRunnerTMSAStaff" name="runScenario" time="4.173"/>
  <system-out/>
  <testcase classname="com.juaracoding.PageObjectTMS.Staff.TestRunnerTMSAStaff" name="runScenario" time="4.169"/>
  <system-out/>
  <testcase classname="com.juaracoding.PageObjectTMS.Staff.TestRunnerTMSAStaff" name="runScenario" time="4.197"/>
  <system-out/>
</testsuite> <!-- com.juaracoding.PageObjectTMS.Staff.TestRunnerTMSAStaff -->
